Update  /Users/hepting/Sites/dhhepting.github.io/_assignments/CS-428_828/I-01-empathize.md  :  20-Sep-2019 23-Sep-2019
Update  /Users/hepting/Sites/dhhepting.github.io/_assignments/02-requirements.md  :  20-Sep-2019 23-Sep-2019
Update  /Users/hepting/Sites/dhhepting.github.io/_assignments/CS-428_828/I-01-empathize.md  :  23-Sep-2019 24-Sep-2019
Update  /Users/hepting/Sites/dhhepting.github.io/_assignments/CS-428_828/P-01-proposal.md  :  23-Sep-2019 24-Sep-2019
Update  /Users/hepting/Sites/dhhepting.github.io/_assignments/CS-428_828/I-01-empathize.md  :  24-Sep-2019 25-Sep-2019
Update  /Users/hepting/Sites/dhhepting.github.io/_assignments/CS-428_828/P-01-proposal.md  :  24-Sep-2019 25-Sep-2019
Update  /Users/hepting/Sites/dhhepting.github.io/_assignments/CS-428_828/I-01-empathize.md  :  25-Sep-2019 26-Sep-2019
Update  /Users/hepting/Sites/dhhepting.github.io/_assignments/CS-428_828/I-01-empathize.md  :  26-Sep-2019 02-Oct-2019
Update  /Users/hepting/Sites/dhhepting.github.io/_assignments/CS-428_828/P-02-requirements.md  :  23-Sep-2019 03-Oct-2019
Update  /Users/hepting/Sites/dhhepting.github.io/_assignments/CS-428_828/P-02-understand.md  :  03-Oct-2019 11-Oct-2019
Update  /Users/hepting/Sites/dhhepting.github.io/_assignments/CS-428_828/P-02-understand.md  :  11-Oct-2019 15-Oct-2019
Update  /Users/hepting/Sites/dhhepting.github.io/_assignments/CS-428_828/I-01-empathize.md  :  02-Oct-2019 13-Nov-2019
Update  /Users/hepting/Sites/dhhepting.github.io/_assignments/CS-428_828/I-02-critique.md  :  01-Jan-1970 13-Nov-2019
Update  /Users/hepting/Sites/dhhepting.github.io/_assignments/CS-428_828/I-03-report-as-test-subject.md  :  13-Nov-1970 13-Nov-2019
Update  /Users/hepting/Sites/dhhepting.github.io/_assignments/CS-428_828/I-G-paper-review.md  :  13-Nov-1970 13-Nov-2019
Update  /Users/hepting/Sites/dhhepting.github.io/_assignments/CS-428_828/I-U-you-choose.md  :  13-Nov-1888 13-Nov-2019
Update  /Users/hepting/Sites/dhhepting.github.io/_assignments/CS-428_828/P-01-proposal.md  :  25-Sep-2019 13-Nov-2019
Update  /Users/hepting/Sites/dhhepting.github.io/_assignments/CS-428_828/P-02-understand.md  :  15-Oct-2019 13-Nov-2019
Update  /Users/hepting/Sites/dhhepting.github.io/_assignments/CS-428_828/P-03-design.md  :  01-Jan-1970 13-Nov-2019
Update  /Users/hepting/Sites/dhhepting.github.io/_assignments/CS-428_828/P-04-evaluate-lofi.md  :  01-Jan-1970 13-Nov-2019
Update  /Users/hepting/Sites/dhhepting.github.io/_assignments/CS-428_828/P-05-present.md  :  01-Jan-1970 13-Nov-2019
Update  /Users/hepting/Sites/dhhepting.github.io/_assignments/CS-428_828/P-06-hifi.md  :  01-Jan-1970 13-Nov-2019
Update  /Users/hepting/Sites/dhhepting.github.io/_assignments/CS-428_828/P-04-evaluate-lofi.md  :  13-Nov-2019 20-Nov-2019
Update  /Users/hepting/Sites/dhhepting.github.io/_assignments/CS-428_828/I-U-you-choose.md  :  13-Nov-2019 26-Nov-2019
Update  /Users/hepting/Sites/dhhepting.github.io/_assignments/CS-280/blog-outline-3m.md  :  20-Sep-2019 16-Jan-2020
