2020-01-16 23:53:28.186000
OFFERING:  CS-499+900/202010
SITE DIR:  /Users/hepting/Sites/dhhepting.github.io/
DATA DIR:  /Users/hepting/Sites/dhhepting.github.io/_data/teaching/media/
/Users/hepting/Dropbox/teaching/m-CS-499+900-202010/
/Users/hepting/Dropbox/teaching/m-CS-499+900-202010/
ApiError('97d1efc33505f0cab21926b35debe566', CreateSharedLinkError('path', LookupError('not_found', None)))
ApiError('99ca238ce89c01fa26ad01bbef13d29d', CreateSharedLinkError('path', LookupError('not_found', None)))
ApiError('18cca140a36cc0c4c8685ab3f98a6433', CreateSharedLinkError('path', LookupError('not_found', None)))
ApiError('e3ef991cc754d6337d60763ca6ccc445', CreateSharedLinkError('path', LookupError('not_found', None)))
ApiError('3032f899ed7ecd61d7bc75021866dc69', CreateSharedLinkError('path', LookupError('not_found', None)))
ApiError('3faa3face2868611668c99ae0833fa6a', CreateSharedLinkError('path', LookupError('not_found', None)))
ApiError('e1332af2ca6aac8352546728512e1c6e', CreateSharedLinkError('path', LookupError('not_found', None)))
ApiError('19b75d8e691f97ace27093888e3dcee4', CreateSharedLinkError('path', LookupError('not_found', None)))
['04 - 1', 'jpg']
['05 - 2', 'jpg']
['05 - 1', 'jpg']
['04 - 2', 'jpg']
['01 - 1', 'jpg']
2020-01-16 23:53:58.957297
OFFERING:  CS-499+900/202010
SITE DIR:  /Users/hepting/Sites/dhhepting.github.io/
DATA DIR:  /Users/hepting/Sites/dhhepting.github.io/_data/teaching/media/
/Users/hepting/Dropbox/teaching/m-CS-499+900-202010/
/Users/hepting/Dropbox/teaching/m-CS-499+900-202010/
ApiError('fdeae8033369f0ede4d9392bd1dd8d01', CreateSharedLinkError('path', LookupError('not_found', None)))
ApiError('ca3149aba05982a1dfce6a06453748e6', CreateSharedLinkError('path', LookupError('not_found', None)))
ApiError('cdfdc6263b3fd6499f18ae91b988aba7', CreateSharedLinkError('path', LookupError('not_found', None)))
ApiError('b9e7ec52472c5babe59141532dded80e', CreateSharedLinkError('path', LookupError('not_found', None)))
ApiError('31c5356be0e57768f4b86bf40a153516', CreateSharedLinkError('path', LookupError('not_found', None)))
ApiError('8c6179c8f98554bb36966c8005ba72f3', CreateSharedLinkError('path', LookupError('not_found', None)))
ApiError('ec75e8686f9102251ca231ead8e3a631', CreateSharedLinkError('path', LookupError('not_found', None)))
ApiError('ab361a001851bdbb4996cc547ffbf76e', CreateSharedLinkError('path', LookupError('not_found', None)))
['04 - 1', 'jpg']
['05 - 2', 'jpg']
['05 - 1', 'jpg']
['04 - 2', 'jpg']
['01 - 1', 'jpg']
2020-01-23 17:30:28.771496
OFFERING:  CS-499+900/202010
SITE DIR:  /Users/hepting/Sites/dhhepting.github.io/
DATA DIR:  /Users/hepting/Sites/dhhepting.github.io/_data/teaching/media/
/Users/hepting/Dropbox/teaching/m-CS-499+900-202010/
ApiError('df6b9e2ed617a8d827e887535e26b511', CreateSharedLinkError('path', LookupError('not_found', None)))
/Users/hepting/Dropbox/teaching/m-CS-499+900-202010/
ApiError('05681601ab4de5d54250abd6121ac1b1', CreateSharedLinkError('path', LookupError('not_found', None)))
ApiError('d6acf2cb2ceefdbcc276cf2b343229c6', CreateSharedLinkError('path', LookupError('not_found', None)))
ApiError('561490c4c139daefe854baedcee08fb7', CreateSharedLinkError('path', LookupError('not_found', None)))
ApiError('fd7ca2e687c09c4c6e5756a7a723e73d', CreateSharedLinkError('path', LookupError('not_found', None)))
ApiError('1522ad5b8b66857b102c23f1072b476c', CreateSharedLinkError('path', LookupError('not_found', None)))
ApiError('3033b866240ca61f55a6d65a563a3ed2', CreateSharedLinkError('path', LookupError('not_found', None)))
ApiError('b7421877be3d5ab1e6e4b81d820fdf85', CreateSharedLinkError('path', LookupError('not_found', None)))
ApiError('64d7afe9c470602803e707240e2b976e', CreateSharedLinkError('path', LookupError('not_found', None)))
['04 - 1', 'jpg']
['08 - 2', 'jpg']
['05 - 2', 'jpg']
['05 - 1', 'jpg']
['04 - 2', 'jpg']
['01 - 1', 'jpg']
2020-01-23 17:36:31.290442
OFFERING:  CS-499+900/202010
SITE DIR:  /Users/hepting/Sites/dhhepting.github.io/
DATA DIR:  /Users/hepting/Sites/dhhepting.github.io/_data/teaching/media/
/Users/hepting/Dropbox/teaching/m-CS-499+900-202010/
/Users/hepting/Dropbox/teaching/m-CS-499+900-202010/
ApiError('c90b82283884a6d18192edb47c9ddd6d', CreateSharedLinkError('path', LookupError('not_found', None)))
ApiError('38b71aa92cc37691443f2d281bdc61f5', CreateSharedLinkError('path', LookupError('not_found', None)))
ApiError('83943979edb39e16e41c0677c3833dd5', CreateSharedLinkError('path', LookupError('not_found', None)))
ApiError('773cf437b58b0a0692ef74f2d122d24d', CreateSharedLinkError('path', LookupError('not_found', None)))
ApiError('9df707fba726d895b762fba245c94b3c', CreateSharedLinkError('path', LookupError('not_found', None)))
ApiError('87a75746bb690a12877ab1bb3ee0b148', CreateSharedLinkError('path', LookupError('not_found', None)))
ApiError('5cc6697681ce616693e5604523205475', CreateSharedLinkError('path', LookupError('not_found', None)))
ApiError('f4d4b5e091ba60f68c5119249c72f6a8', CreateSharedLinkError('path', LookupError('not_found', None)))
['04 - 1', 'jpg']
['08 - 2', 'jpg']
['06 - 2', 'jpg']
['08 - 1', 'jpg']
['05 - 2', 'jpg']
['05 - 1', 'jpg']
['06 - 1', 'jpg']
['04 - 2', 'jpg']
['01 - 1', 'jpg']
2020-01-23 17:37:29.035650
OFFERING:  CS-499+900/202010
SITE DIR:  /Users/hepting/Sites/dhhepting.github.io/
DATA DIR:  /Users/hepting/Sites/dhhepting.github.io/_data/teaching/media/
/Users/hepting/Dropbox/teaching/m-CS-499+900-202010/
ApiError('cc279b2f262a37a5d59a404fd4efd12b', CreateSharedLinkError('path', LookupError('not_found', None)))
/Users/hepting/Dropbox/teaching/m-CS-499+900-202010/
ApiError('e0c81baad8101ac11c624ba5e7974de6', CreateSharedLinkError('path', LookupError('not_found', None)))
ApiError('ac9be8a71f0ca7aec31f07cda1caa373', CreateSharedLinkError('path', LookupError('not_found', None)))
ApiError('737eb9139afd4dda972d9243abc99fdc', CreateSharedLinkError('path', LookupError('not_found', None)))
ApiError('1afbfff2c2b310d643f2ce5395399691', CreateSharedLinkError('path', LookupError('not_found', None)))
ApiError('f25d042a6df1a10093fac9b302604331', CreateSharedLinkError('path', LookupError('not_found', None)))
ApiError('92475ef09f16faac9c3134cb59a167e4', CreateSharedLinkError('path', LookupError('not_found', None)))
ApiError('8e6597968370facbefe57cc73ed87451', CreateSharedLinkError('path', LookupError('not_found', None)))
ApiError('20a4d4690248bc7fe73a14c71c74a2fa', CreateSharedLinkError('path', LookupError('not_found', None)))
['04 - 1', 'jpg']
['07 - 1', 'jpg']
['07 - 4', 'jpg']
['08 - 2', 'jpg']
['06 - 2', 'jpg']
['08 - 1', 'jpg']
['05 - 2', 'jpg']
['05 - 1', 'jpg']
['06 - 1', 'jpg']
['07 - 2', 'jpg']
['04 - 2', 'jpg']
['01 - 1', 'jpg']
