2019-01-09 14:15:51.944242
ARGS:  ['/Users/hepting/Sites/dhhepting.github.io/script/sharemedia.py', '/Users/hepting/Sites/dhhepting.github.io/', 'CS-205/201910']
SITE DIR:  /Users/hepting/Sites/dhhepting.github.io/
DATA DIR:  /Users/hepting/Sites/dhhepting.github.io/_data/teaching/media/
PhurOLUEhwcAAAAAAAAcZlWyLfoXNicSlV9LEAmYSMm6Z0yhVjW9KPYUA3GCWxl_
sharing:  01 - 1.jpg
sharing:  01.m4a
DBMEDIA_CSV FILE:  /Users/hepting/Sites/dhhepting.github.io/_data/teaching/media/CS-205-201910.csv
01,01.m4a,https://dl.dropboxusercontent.com/s/j8u2isaqwc3g96n/01.m4a?dl=0

01,01 - 1.jpg,https://dl.dropboxusercontent.com/s/8b5sgn315yeog27/01%20-%201.jpg?dl=0

2019-01-09 14:16:37.687109
ARGS:  ['/Users/hepting/Sites/dhhepting.github.io/script/sharemedia.py', '/Users/hepting/Sites/dhhepting.github.io/', 'CS-280/201910']
SITE DIR:  /Users/hepting/Sites/dhhepting.github.io/
DATA DIR:  /Users/hepting/Sites/dhhepting.github.io/_data/teaching/media/
PhurOLUEhwcAAAAAAAAcZlWyLfoXNicSlV9LEAmYSMm6Z0yhVjW9KPYUA3GCWxl_
sharing:  01 - 1.jpg
sharing:  01.m4a
DBMEDIA_CSV FILE:  /Users/hepting/Sites/dhhepting.github.io/_data/teaching/media/CS-280-201910.csv
01,01 - 1.jpg,https://dl.dropboxusercontent.com/s/krkayflabuegsna/01%20-%201.jpg?dl=0

01,01.m4a,https://dl.dropboxusercontent.com/s/27nqwrs9omwboml/01.m4a?dl=0

